[2025-04-24 20:01:31] ERROR: uncaughtException: getUserNotifications is not defined
ReferenceError: getUserNotifications is not defined
    at Object.<anonymous> (D:\DOWNLOAD\INTERN\InternshipManagementSystem\BackEnd\src\controllers\notification.controller.js:290:5)
    at Module._compile (node:internal/modules/cjs/loader:1554:14)
    at Object..js (node:internal/modules/cjs/loader:1706:10)
    at Module.load (node:internal/modules/cjs/loader:1289:32)
    at Function._load (node:internal/modules/cjs/loader:1108:12)
    at TracingChannel.traceSync (node:diagnostics_channel:322:14)
    at wrapModuleLoad (node:internal/modules/cjs/loader:220:24)
    at Module.require (node:internal/modules/cjs/loader:1311:12)
    at require (node:internal/modules/helpers:136:16)
    at Object.<anonymous> (D:\DOWNLOAD\INTERN\InternshipManagementSystem\BackEnd\src\routes\notification.routes.js:3:32) ReferenceError: getUserNotifications is not defined
    at Object.<anonymous> (D:\DOWNLOAD\INTERN\InternshipManagementSystem\BackEnd\src\controllers\notification.controller.js:290:5)
    at Module._compile (node:internal/modules/cjs/loader:1554:14)
    at Object..js (node:internal/modules/cjs/loader:1706:10)
    at Module.load (node:internal/modules/cjs/loader:1289:32)
    at Function._load (node:internal/modules/cjs/loader:1108:12)
    at TracingChannel.traceSync (node:diagnostics_channel:322:14)
    at wrapModuleLoad (node:internal/modules/cjs/loader:220:24)
    at Module.require (node:internal/modules/cjs/loader:1311:12)
    at require (node:internal/modules/helpers:136:16)
    at Object.<anonymous> (D:\DOWNLOAD\INTERN\InternshipManagementSystem\BackEnd\src\routes\notification.routes.js:3:32)
[2025-04-24 20:01:49] ERROR: uncaughtException: getUserNotifications is not defined
ReferenceError: getUserNotifications is not defined
    at Object.<anonymous> (D:\DOWNLOAD\INTERN\InternshipManagementSystem\BackEnd\src\controllers\notification.controller.js:290:5)
    at Module._compile (node:internal/modules/cjs/loader:1554:14)
    at Object..js (node:internal/modules/cjs/loader:1706:10)
    at Module.load (node:internal/modules/cjs/loader:1289:32)
    at Function._load (node:internal/modules/cjs/loader:1108:12)
    at TracingChannel.traceSync (node:diagnostics_channel:322:14)
    at wrapModuleLoad (node:internal/modules/cjs/loader:220:24)
    at Module.require (node:internal/modules/cjs/loader:1311:12)
    at require (node:internal/modules/helpers:136:16)
    at Object.<anonymous> (D:\DOWNLOAD\INTERN\InternshipManagementSystem\BackEnd\src\routes\notification.routes.js:3:32) ReferenceError: getUserNotifications is not defined
    at Object.<anonymous> (D:\DOWNLOAD\INTERN\InternshipManagementSystem\BackEnd\src\controllers\notification.controller.js:290:5)
    at Module._compile (node:internal/modules/cjs/loader:1554:14)
    at Object..js (node:internal/modules/cjs/loader:1706:10)
    at Module.load (node:internal/modules/cjs/loader:1289:32)
    at Function._load (node:internal/modules/cjs/loader:1108:12)
    at TracingChannel.traceSync (node:diagnostics_channel:322:14)
    at wrapModuleLoad (node:internal/modules/cjs/loader:220:24)
    at Module.require (node:internal/modules/cjs/loader:1311:12)
    at require (node:internal/modules/helpers:136:16)
    at Object.<anonymous> (D:\DOWNLOAD\INTERN\InternshipManagementSystem\BackEnd\src\routes\notification.routes.js:3:32)
[2025-04-24 20:02:22] ERROR: uncaughtException: getUserNotifications is not defined
ReferenceError: getUserNotifications is not defined
    at Object.<anonymous> (D:\DOWNLOAD\INTERN\InternshipManagementSystem\BackEnd\src\controllers\notification.controller.js:290:5)
    at Module._compile (node:internal/modules/cjs/loader:1554:14)
    at Object..js (node:internal/modules/cjs/loader:1706:10)
    at Module.load (node:internal/modules/cjs/loader:1289:32)
    at Function._load (node:internal/modules/cjs/loader:1108:12)
    at TracingChannel.traceSync (node:diagnostics_channel:322:14)
    at wrapModuleLoad (node:internal/modules/cjs/loader:220:24)
    at Module.require (node:internal/modules/cjs/loader:1311:12)
    at require (node:internal/modules/helpers:136:16)
    at Object.<anonymous> (D:\DOWNLOAD\INTERN\InternshipManagementSystem\BackEnd\src\routes\notification.routes.js:3:32) ReferenceError: getUserNotifications is not defined
    at Object.<anonymous> (D:\DOWNLOAD\INTERN\InternshipManagementSystem\BackEnd\src\controllers\notification.controller.js:290:5)
    at Module._compile (node:internal/modules/cjs/loader:1554:14)
    at Object..js (node:internal/modules/cjs/loader:1706:10)
    at Module.load (node:internal/modules/cjs/loader:1289:32)
    at Function._load (node:internal/modules/cjs/loader:1108:12)
    at TracingChannel.traceSync (node:diagnostics_channel:322:14)
    at wrapModuleLoad (node:internal/modules/cjs/loader:220:24)
    at Module.require (node:internal/modules/cjs/loader:1311:12)
    at require (node:internal/modules/helpers:136:16)
    at Object.<anonymous> (D:\DOWNLOAD\INTERN\InternshipManagementSystem\BackEnd\src\routes\notification.routes.js:3:32)
[2025-04-24 20:02:23] ERROR: uncaughtException: getUserNotifications is not defined
ReferenceError: getUserNotifications is not defined
    at Object.<anonymous> (D:\DOWNLOAD\INTERN\InternshipManagementSystem\BackEnd\src\controllers\notification.controller.js:290:5)
    at Module._compile (node:internal/modules/cjs/loader:1554:14)
    at Object..js (node:internal/modules/cjs/loader:1706:10)
    at Module.load (node:internal/modules/cjs/loader:1289:32)
    at Function._load (node:internal/modules/cjs/loader:1108:12)
    at TracingChannel.traceSync (node:diagnostics_channel:322:14)
    at wrapModuleLoad (node:internal/modules/cjs/loader:220:24)
    at Module.require (node:internal/modules/cjs/loader:1311:12)
    at require (node:internal/modules/helpers:136:16)
    at Object.<anonymous> (D:\DOWNLOAD\INTERN\InternshipManagementSystem\BackEnd\src\routes\notification.routes.js:3:32) ReferenceError: getUserNotifications is not defined
    at Object.<anonymous> (D:\DOWNLOAD\INTERN\InternshipManagementSystem\BackEnd\src\controllers\notification.controller.js:290:5)
    at Module._compile (node:internal/modules/cjs/loader:1554:14)
    at Object..js (node:internal/modules/cjs/loader:1706:10)
    at Module.load (node:internal/modules/cjs/loader:1289:32)
    at Function._load (node:internal/modules/cjs/loader:1108:12)
    at TracingChannel.traceSync (node:diagnostics_channel:322:14)
    at wrapModuleLoad (node:internal/modules/cjs/loader:220:24)
    at Module.require (node:internal/modules/cjs/loader:1311:12)
    at require (node:internal/modules/helpers:136:16)
    at Object.<anonymous> (D:\DOWNLOAD\INTERN\InternshipManagementSystem\BackEnd\src\routes\notification.routes.js:3:32)
[2025-04-24 20:02:54] ERROR: uncaughtException: getUserNotifications is not defined
ReferenceError: getUserNotifications is not defined
    at Object.<anonymous> (D:\DOWNLOAD\INTERN\InternshipManagementSystem\BackEnd\src\controllers\notification.controller.js:313:5)
    at Module._compile (node:internal/modules/cjs/loader:1554:14)
    at Object..js (node:internal/modules/cjs/loader:1706:10)
    at Module.load (node:internal/modules/cjs/loader:1289:32)
    at Function._load (node:internal/modules/cjs/loader:1108:12)
    at TracingChannel.traceSync (node:diagnostics_channel:322:14)
    at wrapModuleLoad (node:internal/modules/cjs/loader:220:24)
    at Module.require (node:internal/modules/cjs/loader:1311:12)
    at require (node:internal/modules/helpers:136:16)
    at Object.<anonymous> (D:\DOWNLOAD\INTERN\InternshipManagementSystem\BackEnd\src\routes\notification.routes.js:3:32) ReferenceError: getUserNotifications is not defined
    at Object.<anonymous> (D:\DOWNLOAD\INTERN\InternshipManagementSystem\BackEnd\src\controllers\notification.controller.js:313:5)
    at Module._compile (node:internal/modules/cjs/loader:1554:14)
    at Object..js (node:internal/modules/cjs/loader:1706:10)
    at Module.load (node:internal/modules/cjs/loader:1289:32)
    at Function._load (node:internal/modules/cjs/loader:1108:12)
    at TracingChannel.traceSync (node:diagnostics_channel:322:14)
    at wrapModuleLoad (node:internal/modules/cjs/loader:220:24)
    at Module.require (node:internal/modules/cjs/loader:1311:12)
    at require (node:internal/modules/helpers:136:16)
    at Object.<anonymous> (D:\DOWNLOAD\INTERN\InternshipManagementSystem\BackEnd\src\routes\notification.routes.js:3:32)
[2025-04-24 20:02:55] ERROR: uncaughtException: getUserNotifications is not defined
ReferenceError: getUserNotifications is not defined
    at Object.<anonymous> (D:\DOWNLOAD\INTERN\InternshipManagementSystem\BackEnd\src\controllers\notification.controller.js:313:5)
    at Module._compile (node:internal/modules/cjs/loader:1554:14)
    at Object..js (node:internal/modules/cjs/loader:1706:10)
    at Module.load (node:internal/modules/cjs/loader:1289:32)
    at Function._load (node:internal/modules/cjs/loader:1108:12)
    at TracingChannel.traceSync (node:diagnostics_channel:322:14)
    at wrapModuleLoad (node:internal/modules/cjs/loader:220:24)
    at Module.require (node:internal/modules/cjs/loader:1311:12)
    at require (node:internal/modules/helpers:136:16)
    at Object.<anonymous> (D:\DOWNLOAD\INTERN\InternshipManagementSystem\BackEnd\src\routes\notification.routes.js:3:32) ReferenceError: getUserNotifications is not defined
    at Object.<anonymous> (D:\DOWNLOAD\INTERN\InternshipManagementSystem\BackEnd\src\controllers\notification.controller.js:313:5)
    at Module._compile (node:internal/modules/cjs/loader:1554:14)
    at Object..js (node:internal/modules/cjs/loader:1706:10)
    at Module.load (node:internal/modules/cjs/loader:1289:32)
    at Function._load (node:internal/modules/cjs/loader:1108:12)
    at TracingChannel.traceSync (node:diagnostics_channel:322:14)
    at wrapModuleLoad (node:internal/modules/cjs/loader:220:24)
    at Module.require (node:internal/modules/cjs/loader:1311:12)
    at require (node:internal/modules/helpers:136:16)
    at Object.<anonymous> (D:\DOWNLOAD\INTERN\InternshipManagementSystem\BackEnd\src\routes\notification.routes.js:3:32)
[2025-04-24 20:02:56] ERROR: uncaughtException: getUserNotifications is not defined
ReferenceError: getUserNotifications is not defined
    at Object.<anonymous> (D:\DOWNLOAD\INTERN\InternshipManagementSystem\BackEnd\src\controllers\notification.controller.js:313:5)
    at Module._compile (node:internal/modules/cjs/loader:1554:14)
    at Object..js (node:internal/modules/cjs/loader:1706:10)
    at Module.load (node:internal/modules/cjs/loader:1289:32)
    at Function._load (node:internal/modules/cjs/loader:1108:12)
    at TracingChannel.traceSync (node:diagnostics_channel:322:14)
    at wrapModuleLoad (node:internal/modules/cjs/loader:220:24)
    at Module.require (node:internal/modules/cjs/loader:1311:12)
    at require (node:internal/modules/helpers:136:16)
    at Object.<anonymous> (D:\DOWNLOAD\INTERN\InternshipManagementSystem\BackEnd\src\routes\notification.routes.js:3:32) ReferenceError: getUserNotifications is not defined
    at Object.<anonymous> (D:\DOWNLOAD\INTERN\InternshipManagementSystem\BackEnd\src\controllers\notification.controller.js:313:5)
    at Module._compile (node:internal/modules/cjs/loader:1554:14)
    at Object..js (node:internal/modules/cjs/loader:1706:10)
    at Module.load (node:internal/modules/cjs/loader:1289:32)
    at Function._load (node:internal/modules/cjs/loader:1108:12)
    at TracingChannel.traceSync (node:diagnostics_channel:322:14)
    at wrapModuleLoad (node:internal/modules/cjs/loader:220:24)
    at Module.require (node:internal/modules/cjs/loader:1311:12)
    at require (node:internal/modules/helpers:136:16)
    at Object.<anonymous> (D:\DOWNLOAD\INTERN\InternshipManagementSystem\BackEnd\src\routes\notification.routes.js:3:32)
[2025-04-24 20:03:29] ERROR: uncaughtException: getUserNotifications is not defined
ReferenceError: getUserNotifications is not defined
    at Object.<anonymous> (D:\DOWNLOAD\INTERN\InternshipManagementSystem\BackEnd\src\controllers\notification.controller.js:313:5)
    at Module._compile (node:internal/modules/cjs/loader:1554:14)
    at Object..js (node:internal/modules/cjs/loader:1706:10)
    at Module.load (node:internal/modules/cjs/loader:1289:32)
    at Function._load (node:internal/modules/cjs/loader:1108:12)
    at TracingChannel.traceSync (node:diagnostics_channel:322:14)
    at wrapModuleLoad (node:internal/modules/cjs/loader:220:24)
    at Module.require (node:internal/modules/cjs/loader:1311:12)
    at require (node:internal/modules/helpers:136:16)
    at Object.<anonymous> (D:\DOWNLOAD\INTERN\InternshipManagementSystem\BackEnd\src\routes\notification.routes.js:3:32) ReferenceError: getUserNotifications is not defined
    at Object.<anonymous> (D:\DOWNLOAD\INTERN\InternshipManagementSystem\BackEnd\src\controllers\notification.controller.js:313:5)
    at Module._compile (node:internal/modules/cjs/loader:1554:14)
    at Object..js (node:internal/modules/cjs/loader:1706:10)
    at Module.load (node:internal/modules/cjs/loader:1289:32)
    at Function._load (node:internal/modules/cjs/loader:1108:12)
    at TracingChannel.traceSync (node:diagnostics_channel:322:14)
    at wrapModuleLoad (node:internal/modules/cjs/loader:220:24)
    at Module.require (node:internal/modules/cjs/loader:1311:12)
    at require (node:internal/modules/helpers:136:16)
    at Object.<anonymous> (D:\DOWNLOAD\INTERN\InternshipManagementSystem\BackEnd\src\routes\notification.routes.js:3:32)
[2025-04-24 20:03:43] ERROR: uncaughtException: getUserNotifications is not defined
ReferenceError: getUserNotifications is not defined
    at Object.<anonymous> (D:\DOWNLOAD\INTERN\InternshipManagementSystem\BackEnd\src\controllers\notification.controller.js:313:5)
    at Module._compile (node:internal/modules/cjs/loader:1554:14)
    at Object..js (node:internal/modules/cjs/loader:1706:10)
    at Module.load (node:internal/modules/cjs/loader:1289:32)
    at Function._load (node:internal/modules/cjs/loader:1108:12)
    at TracingChannel.traceSync (node:diagnostics_channel:322:14)
    at wrapModuleLoad (node:internal/modules/cjs/loader:220:24)
    at Module.require (node:internal/modules/cjs/loader:1311:12)
    at require (node:internal/modules/helpers:136:16)
    at Object.<anonymous> (D:\DOWNLOAD\INTERN\InternshipManagementSystem\BackEnd\src\routes\notification.routes.js:3:32) ReferenceError: getUserNotifications is not defined
    at Object.<anonymous> (D:\DOWNLOAD\INTERN\InternshipManagementSystem\BackEnd\src\controllers\notification.controller.js:313:5)
    at Module._compile (node:internal/modules/cjs/loader:1554:14)
    at Object..js (node:internal/modules/cjs/loader:1706:10)
    at Module.load (node:internal/modules/cjs/loader:1289:32)
    at Function._load (node:internal/modules/cjs/loader:1108:12)
    at TracingChannel.traceSync (node:diagnostics_channel:322:14)
    at wrapModuleLoad (node:internal/modules/cjs/loader:220:24)
    at Module.require (node:internal/modules/cjs/loader:1311:12)
    at require (node:internal/modules/helpers:136:16)
    at Object.<anonymous> (D:\DOWNLOAD\INTERN\InternshipManagementSystem\BackEnd\src\routes\notification.routes.js:3:32)
[2025-04-24 20:03:47] ERROR: uncaughtException: getUserNotifications is not defined
ReferenceError: getUserNotifications is not defined
    at Object.<anonymous> (D:\DOWNLOAD\INTERN\InternshipManagementSystem\BackEnd\src\controllers\notification.controller.js:313:5)
    at Module._compile (node:internal/modules/cjs/loader:1554:14)
    at Object..js (node:internal/modules/cjs/loader:1706:10)
    at Module.load (node:internal/modules/cjs/loader:1289:32)
    at Function._load (node:internal/modules/cjs/loader:1108:12)
    at TracingChannel.traceSync (node:diagnostics_channel:322:14)
    at wrapModuleLoad (node:internal/modules/cjs/loader:220:24)
    at Module.require (node:internal/modules/cjs/loader:1311:12)
    at require (node:internal/modules/helpers:136:16)
    at Object.<anonymous> (D:\DOWNLOAD\INTERN\InternshipManagementSystem\BackEnd\src\routes\notification.routes.js:3:32) ReferenceError: getUserNotifications is not defined
    at Object.<anonymous> (D:\DOWNLOAD\INTERN\InternshipManagementSystem\BackEnd\src\controllers\notification.controller.js:313:5)
    at Module._compile (node:internal/modules/cjs/loader:1554:14)
    at Object..js (node:internal/modules/cjs/loader:1706:10)
    at Module.load (node:internal/modules/cjs/loader:1289:32)
    at Function._load (node:internal/modules/cjs/loader:1108:12)
    at TracingChannel.traceSync (node:diagnostics_channel:322:14)
    at wrapModuleLoad (node:internal/modules/cjs/loader:220:24)
    at Module.require (node:internal/modules/cjs/loader:1311:12)
    at require (node:internal/modules/helpers:136:16)
    at Object.<anonymous> (D:\DOWNLOAD\INTERN\InternshipManagementSystem\BackEnd\src\routes\notification.routes.js:3:32)
[2025-04-24 20:03:47] ERROR: uncaughtException: getUserNotifications is not defined
ReferenceError: getUserNotifications is not defined
    at Object.<anonymous> (D:\DOWNLOAD\INTERN\InternshipManagementSystem\BackEnd\src\controllers\notification.controller.js:313:5)
    at Module._compile (node:internal/modules/cjs/loader:1554:14)
    at Object..js (node:internal/modules/cjs/loader:1706:10)
    at Module.load (node:internal/modules/cjs/loader:1289:32)
    at Function._load (node:internal/modules/cjs/loader:1108:12)
    at TracingChannel.traceSync (node:diagnostics_channel:322:14)
    at wrapModuleLoad (node:internal/modules/cjs/loader:220:24)
    at Module.require (node:internal/modules/cjs/loader:1311:12)
    at require (node:internal/modules/helpers:136:16)
    at Object.<anonymous> (D:\DOWNLOAD\INTERN\InternshipManagementSystem\BackEnd\src\routes\notification.routes.js:3:32) ReferenceError: getUserNotifications is not defined
    at Object.<anonymous> (D:\DOWNLOAD\INTERN\InternshipManagementSystem\BackEnd\src\controllers\notification.controller.js:313:5)
    at Module._compile (node:internal/modules/cjs/loader:1554:14)
    at Object..js (node:internal/modules/cjs/loader:1706:10)
    at Module.load (node:internal/modules/cjs/loader:1289:32)
    at Function._load (node:internal/modules/cjs/loader:1108:12)
    at TracingChannel.traceSync (node:diagnostics_channel:322:14)
    at wrapModuleLoad (node:internal/modules/cjs/loader:220:24)
    at Module.require (node:internal/modules/cjs/loader:1311:12)
    at require (node:internal/modules/helpers:136:16)
    at Object.<anonymous> (D:\DOWNLOAD\INTERN\InternshipManagementSystem\BackEnd\src\routes\notification.routes.js:3:32)
[2025-04-24 20:03:57] ERROR: uncaughtException: getUserNotifications is not defined
ReferenceError: getUserNotifications is not defined
    at Object.<anonymous> (D:\DOWNLOAD\INTERN\InternshipManagementSystem\BackEnd\src\controllers\notification.controller.js:313:5)
    at Module._compile (node:internal/modules/cjs/loader:1554:14)
    at Object..js (node:internal/modules/cjs/loader:1706:10)
    at Module.load (node:internal/modules/cjs/loader:1289:32)
    at Function._load (node:internal/modules/cjs/loader:1108:12)
    at TracingChannel.traceSync (node:diagnostics_channel:322:14)
    at wrapModuleLoad (node:internal/modules/cjs/loader:220:24)
    at Module.require (node:internal/modules/cjs/loader:1311:12)
    at require (node:internal/modules/helpers:136:16)
    at Object.<anonymous> (D:\DOWNLOAD\INTERN\InternshipManagementSystem\BackEnd\src\routes\notification.routes.js:3:32) ReferenceError: getUserNotifications is not defined
    at Object.<anonymous> (D:\DOWNLOAD\INTERN\InternshipManagementSystem\BackEnd\src\controllers\notification.controller.js:313:5)
    at Module._compile (node:internal/modules/cjs/loader:1554:14)
    at Object..js (node:internal/modules/cjs/loader:1706:10)
    at Module.load (node:internal/modules/cjs/loader:1289:32)
    at Function._load (node:internal/modules/cjs/loader:1108:12)
    at TracingChannel.traceSync (node:diagnostics_channel:322:14)
    at wrapModuleLoad (node:internal/modules/cjs/loader:220:24)
    at Module.require (node:internal/modules/cjs/loader:1311:12)
    at require (node:internal/modules/helpers:136:16)
    at Object.<anonymous> (D:\DOWNLOAD\INTERN\InternshipManagementSystem\BackEnd\src\routes\notification.routes.js:3:32)
[2025-04-24 20:04:38] ERROR: uncaughtException: getUserNotifications is not defined
ReferenceError: getUserNotifications is not defined
    at Object.<anonymous> (D:\DOWNLOAD\INTERN\InternshipManagementSystem\BackEnd\src\controllers\notification.controller.js:313:5)
    at Module._compile (node:internal/modules/cjs/loader:1554:14)
    at Object..js (node:internal/modules/cjs/loader:1706:10)
    at Module.load (node:internal/modules/cjs/loader:1289:32)
    at Function._load (node:internal/modules/cjs/loader:1108:12)
    at TracingChannel.traceSync (node:diagnostics_channel:322:14)
    at wrapModuleLoad (node:internal/modules/cjs/loader:220:24)
    at Module.require (node:internal/modules/cjs/loader:1311:12)
    at require (node:internal/modules/helpers:136:16)
    at Object.<anonymous> (D:\DOWNLOAD\INTERN\InternshipManagementSystem\BackEnd\src\routes\notification.routes.js:3:32) ReferenceError: getUserNotifications is not defined
    at Object.<anonymous> (D:\DOWNLOAD\INTERN\InternshipManagementSystem\BackEnd\src\controllers\notification.controller.js:313:5)
    at Module._compile (node:internal/modules/cjs/loader:1554:14)
    at Object..js (node:internal/modules/cjs/loader:1706:10)
    at Module.load (node:internal/modules/cjs/loader:1289:32)
    at Function._load (node:internal/modules/cjs/loader:1108:12)
    at TracingChannel.traceSync (node:diagnostics_channel:322:14)
    at wrapModuleLoad (node:internal/modules/cjs/loader:220:24)
    at Module.require (node:internal/modules/cjs/loader:1311:12)
    at require (node:internal/modules/helpers:136:16)
    at Object.<anonymous> (D:\DOWNLOAD\INTERN\InternshipManagementSystem\BackEnd\src\routes\notification.routes.js:3:32)
[2025-04-24 20:04:39] ERROR: uncaughtException: getUserNotifications is not defined
ReferenceError: getUserNotifications is not defined
    at Object.<anonymous> (D:\DOWNLOAD\INTERN\InternshipManagementSystem\BackEnd\src\controllers\notification.controller.js:313:5)
    at Module._compile (node:internal/modules/cjs/loader:1554:14)
    at Object..js (node:internal/modules/cjs/loader:1706:10)
    at Module.load (node:internal/modules/cjs/loader:1289:32)
    at Function._load (node:internal/modules/cjs/loader:1108:12)
    at TracingChannel.traceSync (node:diagnostics_channel:322:14)
    at wrapModuleLoad (node:internal/modules/cjs/loader:220:24)
    at Module.require (node:internal/modules/cjs/loader:1311:12)
    at require (node:internal/modules/helpers:136:16)
    at Object.<anonymous> (D:\DOWNLOAD\INTERN\InternshipManagementSystem\BackEnd\src\routes\notification.routes.js:3:32) ReferenceError: getUserNotifications is not defined
    at Object.<anonymous> (D:\DOWNLOAD\INTERN\InternshipManagementSystem\BackEnd\src\controllers\notification.controller.js:313:5)
    at Module._compile (node:internal/modules/cjs/loader:1554:14)
    at Object..js (node:internal/modules/cjs/loader:1706:10)
    at Module.load (node:internal/modules/cjs/loader:1289:32)
    at Function._load (node:internal/modules/cjs/loader:1108:12)
    at TracingChannel.traceSync (node:diagnostics_channel:322:14)
    at wrapModuleLoad (node:internal/modules/cjs/loader:220:24)
    at Module.require (node:internal/modules/cjs/loader:1311:12)
    at require (node:internal/modules/helpers:136:16)
    at Object.<anonymous> (D:\DOWNLOAD\INTERN\InternshipManagementSystem\BackEnd\src\routes\notification.routes.js:3:32)
[2025-04-24 20:05:06] ERROR: uncaughtException: getUserNotifications is not defined
ReferenceError: getUserNotifications is not defined
    at Object.<anonymous> (D:\DOWNLOAD\INTERN\InternshipManagementSystem\BackEnd\src\controllers\notification.controller.js:313:5)
    at Module._compile (node:internal/modules/cjs/loader:1554:14)
    at Object..js (node:internal/modules/cjs/loader:1706:10)
    at Module.load (node:internal/modules/cjs/loader:1289:32)
    at Function._load (node:internal/modules/cjs/loader:1108:12)
    at TracingChannel.traceSync (node:diagnostics_channel:322:14)
    at wrapModuleLoad (node:internal/modules/cjs/loader:220:24)
    at Module.require (node:internal/modules/cjs/loader:1311:12)
    at require (node:internal/modules/helpers:136:16)
    at Object.<anonymous> (D:\DOWNLOAD\INTERN\InternshipManagementSystem\BackEnd\src\routes\notification.routes.js:3:32) ReferenceError: getUserNotifications is not defined
    at Object.<anonymous> (D:\DOWNLOAD\INTERN\InternshipManagementSystem\BackEnd\src\controllers\notification.controller.js:313:5)
    at Module._compile (node:internal/modules/cjs/loader:1554:14)
    at Object..js (node:internal/modules/cjs/loader:1706:10)
    at Module.load (node:internal/modules/cjs/loader:1289:32)
    at Function._load (node:internal/modules/cjs/loader:1108:12)
    at TracingChannel.traceSync (node:diagnostics_channel:322:14)
    at wrapModuleLoad (node:internal/modules/cjs/loader:220:24)
    at Module.require (node:internal/modules/cjs/loader:1311:12)
    at require (node:internal/modules/helpers:136:16)
    at Object.<anonymous> (D:\DOWNLOAD\INTERN\InternshipManagementSystem\BackEnd\src\routes\notification.routes.js:3:32)
[2025-04-24 20:05:07] ERROR: uncaughtException: getUserNotifications is not defined
ReferenceError: getUserNotifications is not defined
    at Object.<anonymous> (D:\DOWNLOAD\INTERN\InternshipManagementSystem\BackEnd\src\controllers\notification.controller.js:313:5)
    at Module._compile (node:internal/modules/cjs/loader:1554:14)
    at Object..js (node:internal/modules/cjs/loader:1706:10)
    at Module.load (node:internal/modules/cjs/loader:1289:32)
    at Function._load (node:internal/modules/cjs/loader:1108:12)
    at TracingChannel.traceSync (node:diagnostics_channel:322:14)
    at wrapModuleLoad (node:internal/modules/cjs/loader:220:24)
    at Module.require (node:internal/modules/cjs/loader:1311:12)
    at require (node:internal/modules/helpers:136:16)
    at Object.<anonymous> (D:\DOWNLOAD\INTERN\InternshipManagementSystem\BackEnd\src\routes\notification.routes.js:3:32) ReferenceError: getUserNotifications is not defined
    at Object.<anonymous> (D:\DOWNLOAD\INTERN\InternshipManagementSystem\BackEnd\src\controllers\notification.controller.js:313:5)
    at Module._compile (node:internal/modules/cjs/loader:1554:14)
    at Object..js (node:internal/modules/cjs/loader:1706:10)
    at Module.load (node:internal/modules/cjs/loader:1289:32)
    at Function._load (node:internal/modules/cjs/loader:1108:12)
    at TracingChannel.traceSync (node:diagnostics_channel:322:14)
    at wrapModuleLoad (node:internal/modules/cjs/loader:220:24)
    at Module.require (node:internal/modules/cjs/loader:1311:12)
    at require (node:internal/modules/helpers:136:16)
    at Object.<anonymous> (D:\DOWNLOAD\INTERN\InternshipManagementSystem\BackEnd\src\routes\notification.routes.js:3:32)
[2025-04-24 20:05:50] ERROR: uncaughtException: Router.use() requires a middleware function
TypeError: Router.use() requires a middleware function
    at Function.use (D:\DOWNLOAD\INTERN\InternshipManagementSystem\BackEnd\node_modules\express\lib\router\index.js:462:11)
    at Object.<anonymous> (D:\DOWNLOAD\INTERN\InternshipManagementSystem\BackEnd\src\routes\notification.routes.js:7:8)
    at Module._compile (node:internal/modules/cjs/loader:1554:14)
    at Object..js (node:internal/modules/cjs/loader:1706:10)
    at Module.load (node:internal/modules/cjs/loader:1289:32)
    at Function._load (node:internal/modules/cjs/loader:1108:12)
    at TracingChannel.traceSync (node:diagnostics_channel:322:14)
    at wrapModuleLoad (node:internal/modules/cjs/loader:220:24)
    at Module.require (node:internal/modules/cjs/loader:1311:12)
    at require (node:internal/modules/helpers:136:16) TypeError: Router.use() requires a middleware function
    at Function.use (D:\DOWNLOAD\INTERN\InternshipManagementSystem\BackEnd\node_modules\express\lib\router\index.js:462:11)
    at Object.<anonymous> (D:\DOWNLOAD\INTERN\InternshipManagementSystem\BackEnd\src\routes\notification.routes.js:7:8)
    at Module._compile (node:internal/modules/cjs/loader:1554:14)
    at Object..js (node:internal/modules/cjs/loader:1706:10)
    at Module.load (node:internal/modules/cjs/loader:1289:32)
    at Function._load (node:internal/modules/cjs/loader:1108:12)
    at TracingChannel.traceSync (node:diagnostics_channel:322:14)
    at wrapModuleLoad (node:internal/modules/cjs/loader:220:24)
    at Module.require (node:internal/modules/cjs/loader:1311:12)
    at require (node:internal/modules/helpers:136:16)
[2025-04-24 20:05:50] ERROR: uncaughtException: Router.use() requires a middleware function
TypeError: Router.use() requires a middleware function
    at Function.use (D:\DOWNLOAD\INTERN\InternshipManagementSystem\BackEnd\node_modules\express\lib\router\index.js:462:11)
    at Object.<anonymous> (D:\DOWNLOAD\INTERN\InternshipManagementSystem\BackEnd\src\routes\notification.routes.js:7:8)
    at Module._compile (node:internal/modules/cjs/loader:1554:14)
    at Object..js (node:internal/modules/cjs/loader:1706:10)
    at Module.load (node:internal/modules/cjs/loader:1289:32)
    at Function._load (node:internal/modules/cjs/loader:1108:12)
    at TracingChannel.traceSync (node:diagnostics_channel:322:14)
    at wrapModuleLoad (node:internal/modules/cjs/loader:220:24)
    at Module.require (node:internal/modules/cjs/loader:1311:12)
    at require (node:internal/modules/helpers:136:16) TypeError: Router.use() requires a middleware function
    at Function.use (D:\DOWNLOAD\INTERN\InternshipManagementSystem\BackEnd\node_modules\express\lib\router\index.js:462:11)
    at Object.<anonymous> (D:\DOWNLOAD\INTERN\InternshipManagementSystem\BackEnd\src\routes\notification.routes.js:7:8)
    at Module._compile (node:internal/modules/cjs/loader:1554:14)
    at Object..js (node:internal/modules/cjs/loader:1706:10)
    at Module.load (node:internal/modules/cjs/loader:1289:32)
    at Function._load (node:internal/modules/cjs/loader:1108:12)
    at TracingChannel.traceSync (node:diagnostics_channel:322:14)
    at wrapModuleLoad (node:internal/modules/cjs/loader:220:24)
    at Module.require (node:internal/modules/cjs/loader:1311:12)
    at require (node:internal/modules/helpers:136:16)
[2025-04-24 20:05:52] ERROR: uncaughtException: Router.use() requires a middleware function
TypeError: Router.use() requires a middleware function
    at Function.use (D:\DOWNLOAD\INTERN\InternshipManagementSystem\BackEnd\node_modules\express\lib\router\index.js:462:11)
    at Object.<anonymous> (D:\DOWNLOAD\INTERN\InternshipManagementSystem\BackEnd\src\routes\notification.routes.js:7:8)
    at Module._compile (node:internal/modules/cjs/loader:1554:14)
    at Object..js (node:internal/modules/cjs/loader:1706:10)
    at Module.load (node:internal/modules/cjs/loader:1289:32)
    at Function._load (node:internal/modules/cjs/loader:1108:12)
    at TracingChannel.traceSync (node:diagnostics_channel:322:14)
    at wrapModuleLoad (node:internal/modules/cjs/loader:220:24)
    at Module.require (node:internal/modules/cjs/loader:1311:12)
    at require (node:internal/modules/helpers:136:16) TypeError: Router.use() requires a middleware function
    at Function.use (D:\DOWNLOAD\INTERN\InternshipManagementSystem\BackEnd\node_modules\express\lib\router\index.js:462:11)
    at Object.<anonymous> (D:\DOWNLOAD\INTERN\InternshipManagementSystem\BackEnd\src\routes\notification.routes.js:7:8)
    at Module._compile (node:internal/modules/cjs/loader:1554:14)
    at Object..js (node:internal/modules/cjs/loader:1706:10)
    at Module.load (node:internal/modules/cjs/loader:1289:32)
    at Function._load (node:internal/modules/cjs/loader:1108:12)
    at TracingChannel.traceSync (node:diagnostics_channel:322:14)
    at wrapModuleLoad (node:internal/modules/cjs/loader:220:24)
    at Module.require (node:internal/modules/cjs/loader:1311:12)
    at require (node:internal/modules/helpers:136:16)
[2025-04-24 20:07:18] ERROR: uncaughtException: Router.use() requires a middleware function
TypeError: Router.use() requires a middleware function
    at Function.use (D:\DOWNLOAD\INTERN\InternshipManagementSystem\BackEnd\node_modules\express\lib\router\index.js:462:11)
    at Object.<anonymous> (D:\DOWNLOAD\INTERN\InternshipManagementSystem\BackEnd\src\routes\notification.routes.js:7:8)
    at Module._compile (node:internal/modules/cjs/loader:1554:14)
    at Object..js (node:internal/modules/cjs/loader:1706:10)
    at Module.load (node:internal/modules/cjs/loader:1289:32)
    at Function._load (node:internal/modules/cjs/loader:1108:12)
    at TracingChannel.traceSync (node:diagnostics_channel:322:14)
    at wrapModuleLoad (node:internal/modules/cjs/loader:220:24)
    at Module.require (node:internal/modules/cjs/loader:1311:12)
    at require (node:internal/modules/helpers:136:16) TypeError: Router.use() requires a middleware function
    at Function.use (D:\DOWNLOAD\INTERN\InternshipManagementSystem\BackEnd\node_modules\express\lib\router\index.js:462:11)
    at Object.<anonymous> (D:\DOWNLOAD\INTERN\InternshipManagementSystem\BackEnd\src\routes\notification.routes.js:7:8)
    at Module._compile (node:internal/modules/cjs/loader:1554:14)
    at Object..js (node:internal/modules/cjs/loader:1706:10)
    at Module.load (node:internal/modules/cjs/loader:1289:32)
    at Function._load (node:internal/modules/cjs/loader:1108:12)
    at TracingChannel.traceSync (node:diagnostics_channel:322:14)
    at wrapModuleLoad (node:internal/modules/cjs/loader:220:24)
    at Module.require (node:internal/modules/cjs/loader:1311:12)
    at require (node:internal/modules/helpers:136:16)
[2025-04-24 20:07:35] ERROR: uncaughtException: Router.use() requires a middleware function
TypeError: Router.use() requires a middleware function
    at Function.use (D:\DOWNLOAD\INTERN\InternshipManagementSystem\BackEnd\node_modules\express\lib\router\index.js:462:11)
    at Object.<anonymous> (D:\DOWNLOAD\INTERN\InternshipManagementSystem\BackEnd\src\routes\notification.routes.js:7:8)
    at Module._compile (node:internal/modules/cjs/loader:1554:14)
    at Object..js (node:internal/modules/cjs/loader:1706:10)
    at Module.load (node:internal/modules/cjs/loader:1289:32)
    at Function._load (node:internal/modules/cjs/loader:1108:12)
    at TracingChannel.traceSync (node:diagnostics_channel:322:14)
    at wrapModuleLoad (node:internal/modules/cjs/loader:220:24)
    at Module.require (node:internal/modules/cjs/loader:1311:12)
    at require (node:internal/modules/helpers:136:16) TypeError: Router.use() requires a middleware function
    at Function.use (D:\DOWNLOAD\INTERN\InternshipManagementSystem\BackEnd\node_modules\express\lib\router\index.js:462:11)
    at Object.<anonymous> (D:\DOWNLOAD\INTERN\InternshipManagementSystem\BackEnd\src\routes\notification.routes.js:7:8)
    at Module._compile (node:internal/modules/cjs/loader:1554:14)
    at Object..js (node:internal/modules/cjs/loader:1706:10)
    at Module.load (node:internal/modules/cjs/loader:1289:32)
    at Function._load (node:internal/modules/cjs/loader:1108:12)
    at TracingChannel.traceSync (node:diagnostics_channel:322:14)
    at wrapModuleLoad (node:internal/modules/cjs/loader:220:24)
    at Module.require (node:internal/modules/cjs/loader:1311:12)
    at require (node:internal/modules/helpers:136:16)
[2025-04-24 20:07:49] ERROR: uncaughtException: Router.use() requires a middleware function
TypeError: Router.use() requires a middleware function
    at Function.use (D:\DOWNLOAD\INTERN\InternshipManagementSystem\BackEnd\node_modules\express\lib\router\index.js:462:11)
    at Object.<anonymous> (D:\DOWNLOAD\INTERN\InternshipManagementSystem\BackEnd\src\routes\notification.routes.js:7:8)
    at Module._compile (node:internal/modules/cjs/loader:1554:14)
    at Object..js (node:internal/modules/cjs/loader:1706:10)
    at Module.load (node:internal/modules/cjs/loader:1289:32)
    at Function._load (node:internal/modules/cjs/loader:1108:12)
    at TracingChannel.traceSync (node:diagnostics_channel:322:14)
    at wrapModuleLoad (node:internal/modules/cjs/loader:220:24)
    at Module.require (node:internal/modules/cjs/loader:1311:12)
    at require (node:internal/modules/helpers:136:16) TypeError: Router.use() requires a middleware function
    at Function.use (D:\DOWNLOAD\INTERN\InternshipManagementSystem\BackEnd\node_modules\express\lib\router\index.js:462:11)
    at Object.<anonymous> (D:\DOWNLOAD\INTERN\InternshipManagementSystem\BackEnd\src\routes\notification.routes.js:7:8)
    at Module._compile (node:internal/modules/cjs/loader:1554:14)
    at Object..js (node:internal/modules/cjs/loader:1706:10)
    at Module.load (node:internal/modules/cjs/loader:1289:32)
    at Function._load (node:internal/modules/cjs/loader:1108:12)
    at TracingChannel.traceSync (node:diagnostics_channel:322:14)
    at wrapModuleLoad (node:internal/modules/cjs/loader:220:24)
    at Module.require (node:internal/modules/cjs/loader:1311:12)
    at require (node:internal/modules/helpers:136:16)
[2025-04-24 20:09:16] ERROR: uncaughtException: Router.use() requires a middleware function
TypeError: Router.use() requires a middleware function
    at Function.use (D:\DOWNLOAD\INTERN\InternshipManagementSystem\BackEnd\node_modules\express\lib\router\index.js:462:11)
    at Object.<anonymous> (D:\DOWNLOAD\INTERN\InternshipManagementSystem\BackEnd\src\routes\notification.routes.js:7:8)
    at Module._compile (node:internal/modules/cjs/loader:1554:14)
    at Object..js (node:internal/modules/cjs/loader:1706:10)
    at Module.load (node:internal/modules/cjs/loader:1289:32)
    at Function._load (node:internal/modules/cjs/loader:1108:12)
    at TracingChannel.traceSync (node:diagnostics_channel:322:14)
    at wrapModuleLoad (node:internal/modules/cjs/loader:220:24)
    at Module.require (node:internal/modules/cjs/loader:1311:12)
    at require (node:internal/modules/helpers:136:16) TypeError: Router.use() requires a middleware function
    at Function.use (D:\DOWNLOAD\INTERN\InternshipManagementSystem\BackEnd\node_modules\express\lib\router\index.js:462:11)
    at Object.<anonymous> (D:\DOWNLOAD\INTERN\InternshipManagementSystem\BackEnd\src\routes\notification.routes.js:7:8)
    at Module._compile (node:internal/modules/cjs/loader:1554:14)
    at Object..js (node:internal/modules/cjs/loader:1706:10)
    at Module.load (node:internal/modules/cjs/loader:1289:32)
    at Function._load (node:internal/modules/cjs/loader:1108:12)
    at TracingChannel.traceSync (node:diagnostics_channel:322:14)
    at wrapModuleLoad (node:internal/modules/cjs/loader:220:24)
    at Module.require (node:internal/modules/cjs/loader:1311:12)
    at require (node:internal/modules/helpers:136:16)
[2025-04-24 20:09:16] ERROR: uncaughtException: Router.use() requires a middleware function
TypeError: Router.use() requires a middleware function
    at Function.use (D:\DOWNLOAD\INTERN\InternshipManagementSystem\BackEnd\node_modules\express\lib\router\index.js:462:11)
    at Object.<anonymous> (D:\DOWNLOAD\INTERN\InternshipManagementSystem\BackEnd\src\routes\notification.routes.js:7:8)
    at Module._compile (node:internal/modules/cjs/loader:1554:14)
    at Object..js (node:internal/modules/cjs/loader:1706:10)
    at Module.load (node:internal/modules/cjs/loader:1289:32)
    at Function._load (node:internal/modules/cjs/loader:1108:12)
    at TracingChannel.traceSync (node:diagnostics_channel:322:14)
    at wrapModuleLoad (node:internal/modules/cjs/loader:220:24)
    at Module.require (node:internal/modules/cjs/loader:1311:12)
    at require (node:internal/modules/helpers:136:16) TypeError: Router.use() requires a middleware function
    at Function.use (D:\DOWNLOAD\INTERN\InternshipManagementSystem\BackEnd\node_modules\express\lib\router\index.js:462:11)
    at Object.<anonymous> (D:\DOWNLOAD\INTERN\InternshipManagementSystem\BackEnd\src\routes\notification.routes.js:7:8)
    at Module._compile (node:internal/modules/cjs/loader:1554:14)
    at Object..js (node:internal/modules/cjs/loader:1706:10)
    at Module.load (node:internal/modules/cjs/loader:1289:32)
    at Function._load (node:internal/modules/cjs/loader:1108:12)
    at TracingChannel.traceSync (node:diagnostics_channel:322:14)
    at wrapModuleLoad (node:internal/modules/cjs/loader:220:24)
    at Module.require (node:internal/modules/cjs/loader:1311:12)
    at require (node:internal/modules/helpers:136:16)
[2025-04-24 20:09:40] ERROR: uncaughtException: Router.use() requires a middleware function
TypeError: Router.use() requires a middleware function
    at Function.use (D:\DOWNLOAD\INTERN\InternshipManagementSystem\BackEnd\node_modules\express\lib\router\index.js:462:11)
    at Object.<anonymous> (D:\DOWNLOAD\INTERN\InternshipManagementSystem\BackEnd\src\routes\notification.routes.js:7:8)
    at Module._compile (node:internal/modules/cjs/loader:1554:14)
    at Object..js (node:internal/modules/cjs/loader:1706:10)
    at Module.load (node:internal/modules/cjs/loader:1289:32)
    at Function._load (node:internal/modules/cjs/loader:1108:12)
    at TracingChannel.traceSync (node:diagnostics_channel:322:14)
    at wrapModuleLoad (node:internal/modules/cjs/loader:220:24)
    at Module.require (node:internal/modules/cjs/loader:1311:12)
    at require (node:internal/modules/helpers:136:16) TypeError: Router.use() requires a middleware function
    at Function.use (D:\DOWNLOAD\INTERN\InternshipManagementSystem\BackEnd\node_modules\express\lib\router\index.js:462:11)
    at Object.<anonymous> (D:\DOWNLOAD\INTERN\InternshipManagementSystem\BackEnd\src\routes\notification.routes.js:7:8)
    at Module._compile (node:internal/modules/cjs/loader:1554:14)
    at Object..js (node:internal/modules/cjs/loader:1706:10)
    at Module.load (node:internal/modules/cjs/loader:1289:32)
    at Function._load (node:internal/modules/cjs/loader:1108:12)
    at TracingChannel.traceSync (node:diagnostics_channel:322:14)
    at wrapModuleLoad (node:internal/modules/cjs/loader:220:24)
    at Module.require (node:internal/modules/cjs/loader:1311:12)
    at require (node:internal/modules/helpers:136:16)
